<?xml version="1.0" encoding="utf-8"?><testsuites name="pytest tests"><testsuite name="pytest" errors="0" failures="0" skipped="0" tests="6" time="1.598" timestamp="2026-07-14T13:30:17.158763+00:00" hostname="agent-env-27265204-80d4-4f51-8982-407532a6fa51"><testcase classname="tests.backend_test" name="test_root" time="0.613" /><testcase classname="tests.backend_test" name="test_create_lead_valid" time="0.053" /><testcase classname="tests.backend_test" name="test_create_lead_invalid_email" time="0.079" /><testcase classname="tests.backend_test" name="test_create_lead_missing_fields" time="0.132" /><testcase classname="tests.backend_test" name="test_list_leads_contains_created" time="0.080" /><testcase classname="tests.backend_test" name="test_status_post_get" time="0.128" /></testsuite></testsuites>